<?xml version="1.0" encoding="UTF-8"?>
<testsuite name="com.project.sooktoring.SooktoringApplicationTests" tests="1" skipped="0" failures="0" errors="0" timestamp="2022-05-04T05:50:44" hostname="DESKTOP-RD6VI86" time="0.24">
  <properties/>
  <testcase name="contextLoads()" classname="com.project.sooktoring.SooktoringApplicationTests" time="0.24"/>
  <system-out><![CDATA[14:50:29.552 [Test worker] DEBUG org.springframework.test.context.BootstrapUtils - Instantiating CacheAwareContextLoaderDelegate from class [org.springframework.test.context.cache.DefaultCacheAwareContextLoaderDelegate]
14:50:29.573 [Test worker] DEBUG org.springframework.test.context.BootstrapUtils - Instantiating BootstrapContext using constructor [public org.springframework.test.context.support.DefaultBootstrapContext(java.lang.Class,org.springframework.test.context.CacheAwareContextLoaderDelegate)]
14:50:29.629 [Test worker] DEBUG org.springframework.test.context.BootstrapUtils - Instantiating TestContextBootstrapper for test class [com.project.sooktoring.SooktoringApplicationTests] from class [org.springframework.boot.test.context.SpringBootTestContextBootstrapper]
14:50:29.652 [Test worker] INFO org.springframework.boot.test.context.SpringBootTestContextBootstrapper - Neither @ContextConfiguration nor @ContextHierarchy found for test class [com.project.sooktoring.SooktoringApplicationTests], using SpringBootContextLoader
14:50:29.659 [Test worker] DEBUG org.springframework.test.context.support.AbstractContextLoader - Did not detect default resource location for test class [com.project.sooktoring.SooktoringApplicationTests]: class path resource [com/project/sooktoring/SooktoringApplicationTests-context.xml] does not exist
14:50:29.659 [Test worker] DEBUG org.springframework.test.context.support.AbstractContextLoader - Did not detect default resource location for test class [com.project.sooktoring.SooktoringApplicationTests]: class path resource [com/project/sooktoring/SooktoringApplicationTestsContext.groovy] does not exist
14:50:29.660 [Test worker] INFO org.springframework.test.context.support.AbstractContextLoader - Could not detect default resource locations for test class [com.project.sooktoring.SooktoringApplicationTests]: no resource found for suffixes {-context.xml, Context.groovy}.
14:50:29.661 [Test worker] INFO org.springframework.test.context.support.AnnotationConfigContextLoaderUtils - Could not detect default configuration classes for test class [com.project.sooktoring.SooktoringApplicationTests]: SooktoringApplicationTests does not declare any static, non-private, non-final, nested classes annotated with @Configuration.
14:50:29.736 [Test worker] DEBUG org.springframework.test.context.support.ActiveProfilesUtils - Could not find an 'annotation declaring class' for annotation type [org.springframework.test.context.ActiveProfiles] and class [com.project.sooktoring.SooktoringApplicationTests]
14:50:29.874 [Test worker] DEBUG org.springframework.context.annotation.ClassPathScanningCandidateComponentProvider - Identified candidate component class: file [C:\Users\PC\Desktop\sooktoring\build\classes\java\main\com\project\sooktoring\SooktoringApplication.class]
14:50:29.878 [Test worker] INFO org.springframework.boot.test.context.SpringBootTestContextBootstrapper - Found @SpringBootConfiguration com.project.sooktoring.SooktoringApplication for test class com.project.sooktoring.SooktoringApplicationTests
14:50:30.263 [Test worker] DEBUG org.springframework.boot.test.context.SpringBootTestContextBootstrapper - @TestExecutionListeners is not present for class [com.project.sooktoring.SooktoringApplicationTests]: using defaults.
14:50:30.264 [Test worker] INFO org.springframework.boot.test.context.SpringBootTestContextBootstrapper - Loaded default TestExecutionListener class names from location [META-INF/spring.factories]: [org.springframework.boot.test.autoconfigure.restdocs.RestDocsTestExecutionListener, org.springframework.boot.test.autoconfigure.web.client.MockRestServiceServerResetTestExecutionListener, org.springframework.boot.test.autoconfigure.web.servlet.MockMvcPrintOnlyOnFailureTestExecutionListener, org.springframework.boot.test.autoconfigure.web.servlet.WebDriverTestExecutionListener, org.springframework.boot.test.autoconfigure.webservices.client.MockWebServiceServerTestExecutionListener, org.springframework.boot.test.mock.mockito.MockitoTestExecutionListener, org.springframework.boot.test.mock.mockito.ResetMocksTestExecutionListener, org.springframework.test.context.web.ServletTestExecutionListener, org.springframework.test.context.support.DirtiesContextBeforeModesTestExecutionListener, org.springframework.test.context.event.ApplicationEventsTestExecutionListener, org.springframework.test.context.support.DependencyInjectionTestExecutionListener, org.springframework.test.context.support.DirtiesContextTestExecutionListener, org.springframework.test.context.transaction.TransactionalTestExecutionListener, org.springframework.test.context.jdbc.SqlScriptsTestExecutionListener, org.springframework.test.context.event.EventPublishingTestExecutionListener]
14:50:30.320 [Test worker] INFO org.springframework.boot.test.context.SpringBootTestContextBootstrapper - Using TestExecutionListeners: [org.springframework.test.context.web.ServletTestExecutionListener@6a1ebcff, org.springframework.test.context.support.DirtiesContextBeforeModesTestExecutionListener@19868320, org.springframework.test.context.event.ApplicationEventsTestExecutionListener@50b0bc4c, org.springframework.boot.test.mock.mockito.MockitoTestExecutionListener@c20be82, org.springframework.boot.test.autoconfigure.SpringBootDependencyInjectionTestExecutionListener@13c612bd, org.springframework.test.context.support.DirtiesContextTestExecutionListener@3ef41c66, org.springframework.test.context.transaction.TransactionalTestExecutionListener@6b739528, org.springframework.test.context.jdbc.SqlScriptsTestExecutionListener@622ef26a, org.springframework.test.context.event.EventPublishingTestExecutionListener@41de5768, org.springframework.boot.test.autoconfigure.restdocs.RestDocsTestExecutionListener@5f577419, org.springframework.boot.test.autoconfigure.web.client.MockRestServiceServerResetTestExecutionListener@28fa700e, org.springframework.boot.test.autoconfigure.web.servlet.MockMvcPrintOnlyOnFailureTestExecutionListener@3d526ad9, org.springframework.boot.test.autoconfigure.web.servlet.WebDriverTestExecutionListener@e041f0c, org.springframework.boot.test.autoconfigure.webservices.client.MockWebServiceServerTestExecutionListener@6a175569, org.springframework.boot.test.mock.mockito.ResetMocksTestExecutionListener@11963225]
14:50:30.331 [Test worker] DEBUG org.springframework.test.context.support.AbstractDirtiesContextTestExecutionListener - Before test class: context [DefaultTestContext@4201a617 testClass = SooktoringApplicationTests, testInstance = [null], testMethod = [null], testException = [null], mergedContextConfiguration = [WebMergedContextConfiguration@467f77a5 testClass = SooktoringApplicationTests, locations = '{}', classes = '{class com.project.sooktoring.SooktoringApplication}', contextInitializerClasses = '[]', activeProfiles = '{}', propertySourceLocations = '{}', propertySourceProperties = '{org.springframework.boot.test.context.SpringBootTestContextBootstrapper=true}', contextCustomizers = set[org.springframework.boot.test.autoconfigure.actuate.metrics.MetricsExportContextCustomizerFactory$DisableMetricExportContextCustomizer@662f5666, org.springframework.boot.test.autoconfigure.properties.PropertyMappingContextCustomizer@0, org.springframework.boot.test.autoconfigure.web.servlet.WebDriverContextCustomizerFactory$Customizer@6f2cb653, org.springframework.boot.test.context.filter.ExcludeFilterContextCustomizer@75ed9710, org.springframework.boot.test.json.DuplicateJsonObjectContextCustomizerFactory$DuplicateJsonObjectContextCustomizer@609640d5, org.springframework.boot.test.mock.mockito.MockitoContextCustomizer@0, org.springframework.boot.test.web.client.TestRestTemplateContextCustomizer@1d8062d2, org.springframework.boot.test.context.SpringBootTestArgs@1, org.springframework.boot.test.context.SpringBootTestWebEnvironment@495ee280], resourceBasePath = 'src/main/webapp', contextLoader = 'org.springframework.boot.test.context.SpringBootContextLoader', parent = [null]], attributes = map['org.springframework.test.context.web.ServletTestExecutionListener.activateListener' -> true]], class annotated with @DirtiesContext [false] with mode [null].

  .   ____          _            __ _ _
 /\\ / ___'_ __ _ _(_)_ __  __ _ \ \ \ \
( ( )\___ | '_ | '_| | '_ \/ _` | \ \ \ \
 \\/  ___)| |_)| | | | | || (_| |  ) ) ) )
  '  |____| .__|_| |_|_| |_\__, | / / / /
 =========|_|==============|___/=/_/_/_/
 :: Spring Boot ::                (v2.6.6)

2022-05-04 14:50:31.297  INFO 46440 --- [    Test worker] c.p.s.SooktoringApplicationTests         : Starting SooktoringApplicationTests using Java 11 on DESKTOP-RD6VI86 with PID 46440 (started by PC in C:\Users\PC\Desktop\sooktoring)
2022-05-04 14:50:31.299  INFO 46440 --- [    Test worker] c.p.s.SooktoringApplicationTests         : The following 2 profiles are active: "db", "oauth"
2022-05-04 14:50:33.507  INFO 46440 --- [    Test worker] .s.d.r.c.RepositoryConfigurationDelegate : Bootstrapping Spring Data JPA repositories in DEFAULT mode.
2022-05-04 14:50:33.707  INFO 46440 --- [    Test worker] .s.d.r.c.RepositoryConfigurationDelegate : Finished Spring Data repository scanning in 185 ms. Found 1 JPA repository interfaces.
2022-05-04 14:50:35.349  INFO 46440 --- [    Test worker] o.hibernate.jpa.internal.util.LogHelper  : HHH000204: Processing PersistenceUnitInfo [name: default]
2022-05-04 14:50:35.553  INFO 46440 --- [    Test worker] org.hibernate.Version                    : HHH000412: Hibernate ORM core version 5.6.7.Final
2022-05-04 14:50:36.050  INFO 46440 --- [    Test worker] o.hibernate.annotations.common.Version   : HCANN000001: Hibernate Commons Annotations {5.1.2.Final}
2022-05-04 14:50:36.285  INFO 46440 --- [    Test worker] com.zaxxer.hikari.HikariDataSource       : HikariPool-1 - Starting...
2022-05-04 14:50:36.855  INFO 46440 --- [    Test worker] com.zaxxer.hikari.HikariDataSource       : HikariPool-1 - Start completed.
2022-05-04 14:50:36.936  INFO 46440 --- [    Test worker] org.hibernate.dialect.Dialect            : HHH000400: Using dialect: org.hibernate.dialect.MySQL8Dialect
Hibernate: 
    
    drop table if exists user
Hibernate: 
    
    create table user (
       user_id bigint not null auto_increment,
        email varchar(255) not null,
        image_url varchar(255),
        name varchar(255) not null,
        password varchar(255),
        provider varchar(255) not null,
        provider_id varchar(255),
        primary key (user_id)
    ) engine=InnoDB
Hibernate: 
    
    alter table user 
       add constraint UK_ob8kqyqqgmefl0aco34akdtpe unique (email)
2022-05-04 14:50:39.162  INFO 46440 --- [    Test worker] o.h.e.t.j.p.i.JtaPlatformInitiator       : HHH000490: Using JtaPlatform implementation: [org.hibernate.engine.transaction.jta.platform.internal.NoJtaPlatform]
2022-05-04 14:50:39.189  INFO 46440 --- [    Test worker] j.LocalContainerEntityManagerFactoryBean : Initialized JPA EntityManagerFactory for persistence unit 'default'
2022-05-04 14:50:42.271  INFO 46440 --- [    Test worker] o.s.s.web.DefaultSecurityFilterChain     : Will not secure any request
2022-05-04 14:50:43.219  WARN 46440 --- [    Test worker] JpaBaseConfiguration$JpaWebConfiguration : spring.jpa.open-in-view is enabled by default. Therefore, database queries may be performed during view rendering. Explicitly configure spring.jpa.open-in-view to disable this warning
2022-05-04 14:50:44.367  WARN 46440 --- [    Test worker] d.s.r.o.OperationImplicitParameterReader : Unable to interpret the implicit parameter configuration with dataType: int, dataTypeClass: class java.lang.Void
2022-05-04 14:50:44.376  WARN 46440 --- [    Test worker] d.s.r.o.OperationImplicitParameterReader : Unable to interpret the implicit parameter configuration with dataType: int, dataTypeClass: class java.lang.Void
2022-05-04 14:50:44.494  INFO 46440 --- [    Test worker] c.p.s.SooktoringApplicationTests         : Started SooktoringApplicationTests in 14.038 seconds (JVM running for 22.688)
google = google
]]></system-out>
  <system-err><![CDATA[]]></system-err>
</testsuite>
